Arguments: 
  C:\Program Files\nodejs\node.exe C:\Users\cz 3\AppData\Roaming\npm\node_modules\yarn\bin\yarn.js add dotenv express helmet mongoose morgon nodemon cors

PATH: 
  C:\Program Files (x86)\Common Files\Oracle\Java\javapath;C:\Windows\system32;C:\Windows;C:\Windows\System32\Wbem;C:\Windows\System32\WindowsPowerShell\v1.0\;C:\Windows\System32\OpenSSH\;C:\Program Files\Git\cmd;C:\Program Files\Amazon\AWSCLIV2\;C:\Program Files\Docker\Docker\resources\bin;C:\Program Files\Amazon\AWSSAMCLI\bin\;C:\Users\cz 3\AppData\Roaming\nvm;C:\Program Files\nodejs;C:\allure-2.14.0\bin;C:\apache-maven-3.8.8\bin;C:\Program Files (x86)\Java\jdk1.8.0_361\bin;C:\Program Files (x86)\Java\jre1.8.0_361\bin;C:\Users\cz 3\AppData\Local\Programs\Python\Python311\Scripts\;C:\Users\cz 3\AppData\Local\Programs\Python\Python311\;C:\Users\cz 3\AppData\Local\Microsoft\WindowsApps;C:\Users\cz 3\AppData\Local\Programs\Microsoft VS Code\bin;C:\Users\cz 3\AppData\Local\GitHubDesktop\bin;C:\Users\cz 3\AppData\Roaming\npm;C:\Users\cz 3\AppData\Roaming\nvm;C:\Program Files\nodejs;C:\Program Files\JetBrains\IntelliJ IDEA Community Edition 2023.1\bin;

Yarn version: 
  1.22.19

Node version: 
  16.19.1

Platform: 
  win32 x64

Trace: 
  Error: https://registry.yarnpkg.com/morgon: Not found
      at Request.params.callback [as _callback] (C:\Users\cz 3\AppData\Roaming\npm\node_modules\yarn\lib\cli.js:66145:18)
      at Request.self.callback (C:\Users\cz 3\AppData\Roaming\npm\node_modules\yarn\lib\cli.js:140890:22)
      at Request.emit (node:events:513:28)
      at Request.<anonymous> (C:\Users\cz 3\AppData\Roaming\npm\node_modules\yarn\lib\cli.js:141862:10)
      at Request.emit (node:events:513:28)
      at IncomingMessage.<anonymous> (C:\Users\cz 3\AppData\Roaming\npm\node_modules\yarn\lib\cli.js:141784:12)
      at Object.onceWrapper (node:events:627:28)
      at IncomingMessage.emit (node:events:525:35)
      at endReadableNT (node:internal/streams/readable:1358:12)
      at processTicksAndRejections (node:internal/process/task_queues:83:21)

npm manifest: 
  {
    "name": "social-media-api",
    "version": "1.0.0",
    "main": "index.js",
    "license": "MIT"
  }

yarn manifest: 
  No manifest

Lockfile: 
  No lockfile
